<?xml version="1.0" encoding="UTF-8"?>
<testng-results skipped="0" failed="0" ignored="0" total="11" passed="11">
  <reporter-output>
  </reporter-output>
  <suite name="Regression Testing Suite" duration-ms="125" started-at="2020-01-15T19:11:24Z" finished-at="2020-01-15T19:11:24Z">
    <groups>
    </groups>
    <test name="Calculator Test" duration-ms="62" started-at="2020-01-15T19:11:24Z" finished-at="2020-01-15T19:11:24Z">
      <class name="com.lits.kaminskyi.calculator.CalculatorAddOperationTest">
        <test-method status="PASS" signature="testAdd()[pri:0, instance:com.lits.kaminskyi.calculator.CalculatorAddOperationTest@7a5d012c]" name="testAdd" duration-ms="2" started-at="2020-01-15T19:11:24Z" description="Verify that add operation is being performed correctly" finished-at="2020-01-15T19:11:24Z">
          <reporter-output>
          </reporter-output>
        </test-method> <!-- testAdd -->
        <test-method status="PASS" signature="testDivide()[pri:0, instance:com.lits.kaminskyi.calculator.CalculatorAddOperationTest@7a5d012c]" name="testDivide" duration-ms="1" started-at="2020-01-15T19:11:24Z" finished-at="2020-01-15T19:11:24Z">
          <reporter-output>
          </reporter-output>
        </test-method> <!-- testDivide -->
        <test-method status="PASS" signature="testExpected()[pri:0, instance:com.lits.kaminskyi.calculator.CalculatorAddOperationTest@7a5d012c]" name="testExpected" duration-ms="1" started-at="2020-01-15T19:11:24Z" finished-at="2020-01-15T19:11:24Z">
          <exception class="java.lang.AssertionError">
            <message>
              <![CDATA[expected [0] but found [20.0]]]>
            </message>
            <full-stacktrace>
              <![CDATA[java.lang.AssertionError: expected [0] but found [20.0]
at org.testng.Assert.fail(Assert.java:96)
at org.testng.Assert.failNotEquals(Assert.java:776)
at org.testng.Assert.assertEqualsImpl(Assert.java:137)
at org.testng.Assert.assertEquals(Assert.java:118)
at org.testng.Assert.assertEquals(Assert.java:442)
at com.lits.kaminskyi.calculator.CalculatorAddOperationTest.testExpected(CalculatorAddOperationTest.java:19)
at sun.reflect.NativeMethodAccessorImpl.invoke0(Native Method)
at sun.reflect.NativeMethodAccessorImpl.invoke(NativeMethodAccessorImpl.java:62)
at sun.reflect.DelegatingMethodAccessorImpl.invoke(DelegatingMethodAccessorImpl.java:43)
at java.lang.reflect.Method.invoke(Method.java:498)
at org.testng.internal.MethodInvocationHelper.invokeMethod(MethodInvocationHelper.java:124)
at org.testng.internal.Invoker.invokeMethod(Invoker.java:583)
at org.testng.internal.Invoker.invokeTestMethod(Invoker.java:719)
at org.testng.internal.Invoker.invokeTestMethods(Invoker.java:989)
at org.testng.internal.TestMethodWorker.invokeTestMethods(TestMethodWorker.java:125)
at org.testng.internal.TestMethodWorker.run(TestMethodWorker.java:109)
at org.testng.TestRunner.privateRun(TestRunner.java:648)
at org.testng.TestRunner.run(TestRunner.java:505)
at org.testng.SuiteRunner.runTest(SuiteRunner.java:455)
at org.testng.SuiteRunner.runSequentially(SuiteRunner.java:450)
at org.testng.SuiteRunner.privateRun(SuiteRunner.java:415)
at org.testng.SuiteRunner.run(SuiteRunner.java:364)
at org.testng.SuiteRunnerWorker.runSuite(SuiteRunnerWorker.java:52)
at org.testng.SuiteRunnerWorker.run(SuiteRunnerWorker.java:84)
at org.testng.TestNG.runSuitesSequentially(TestNG.java:1208)
at org.testng.TestNG.runSuitesLocally(TestNG.java:1137)
at org.testng.TestNG.runSuites(TestNG.java:1049)
at org.testng.TestNG.run(TestNG.java:1017)
at org.apache.maven.surefire.testng.TestNGExecutor.run(TestNGExecutor.java:283)
at org.apache.maven.surefire.testng.TestNGXmlTestSuite.execute(TestNGXmlTestSuite.java:75)
at org.apache.maven.surefire.testng.TestNGProvider.invoke(TestNGProvider.java:120)
at org.apache.maven.surefire.booter.ForkedBooter.runSuitesInProcess(ForkedBooter.java:377)
at org.apache.maven.surefire.booter.ForkedBooter.execute(ForkedBooter.java:138)
at org.apache.maven.surefire.booter.ForkedBooter.run(ForkedBooter.java:465)
at org.apache.maven.surefire.booter.ForkedBooter.main(ForkedBooter.java:451)
]]>
            </full-stacktrace>
          </exception> <!-- java.lang.AssertionError -->
          <reporter-output>
          </reporter-output>
        </test-method> <!-- testExpected -->
        <test-method status="PASS" signature="testMultiply()[pri:0, instance:com.lits.kaminskyi.calculator.CalculatorAddOperationTest@7a5d012c]" name="testMultiply" duration-ms="1" started-at="2020-01-15T19:11:24Z" finished-at="2020-01-15T19:11:24Z">
          <reporter-output>
          </reporter-output>
        </test-method> <!-- testMultiply -->
        <test-method status="PASS" signature="testSubtract()[pri:0, instance:com.lits.kaminskyi.calculator.CalculatorAddOperationTest@7a5d012c]" name="testSubtract" duration-ms="1" started-at="2020-01-15T19:11:24Z" finished-at="2020-01-15T19:11:24Z">
          <reporter-output>
          </reporter-output>
        </test-method> <!-- testSubtract -->
      </class> <!-- com.lits.kaminskyi.calculator.CalculatorAddOperationTest -->
      <class name="com.lits.kaminskyi.calculator.CalculatorParametrizedTest">
        <test-method status="PASS" signature="testAddTwoValues(java.math.BigDecimal, java.math.BigDecimal, java.math.BigDecimal)[pri:0, instance:com.lits.kaminskyi.calculator.CalculatorParametrizedTest@3cda1055]" name="testAddTwoValues" duration-ms="8" started-at="2020-01-15T19:11:24Z" data-provider="dataAdd" finished-at="2020-01-15T19:11:24Z">
          <params>
            <param index="0">
              <value>
                <![CDATA[1.5]]>
              </value>
            </param>
            <param index="1">
              <value>
                <![CDATA[1.5]]>
              </value>
            </param>
            <param index="2">
              <value>
                <![CDATA[3.0]]>
              </value>
            </param>
          </params>
          <reporter-output>
          </reporter-output>
        </test-method> <!-- testAddTwoValues -->
        <test-method status="PASS" signature="testAddTwoValues(java.math.BigDecimal, java.math.BigDecimal, java.math.BigDecimal)[pri:0, instance:com.lits.kaminskyi.calculator.CalculatorParametrizedTest@3cda1055]" name="testAddTwoValues" duration-ms="7" started-at="2020-01-15T19:11:24Z" data-provider="dataAdd" finished-at="2020-01-15T19:11:24Z">
          <params>
            <param index="0">
              <value>
                <![CDATA[-1.5]]>
              </value>
            </param>
            <param index="1">
              <value>
                <![CDATA[1.5]]>
              </value>
            </param>
            <param index="2">
              <value>
                <![CDATA[0.0]]>
              </value>
            </param>
          </params>
          <reporter-output>
          </reporter-output>
        </test-method> <!-- testAddTwoValues -->
        <test-method status="PASS" signature="testAddTwoValues(java.math.BigDecimal, java.math.BigDecimal, java.math.BigDecimal)[pri:0, instance:com.lits.kaminskyi.calculator.CalculatorParametrizedTest@3cda1055]" name="testAddTwoValues" duration-ms="8" started-at="2020-01-15T19:11:24Z" data-provider="dataAdd" finished-at="2020-01-15T19:11:24Z">
          <params>
            <param index="0">
              <value>
                <![CDATA[2.5]]>
              </value>
            </param>
            <param index="1">
              <value>
                <![CDATA[0]]>
              </value>
            </param>
            <param index="2">
              <value>
                <![CDATA[2.5]]>
              </value>
            </param>
          </params>
          <reporter-output>
          </reporter-output>
        </test-method> <!-- testAddTwoValues -->
        <test-method status="PASS" signature="testAddTwoValues(java.math.BigDecimal, java.math.BigDecimal, java.math.BigDecimal)[pri:0, instance:com.lits.kaminskyi.calculator.CalculatorParametrizedTest@3cda1055]" name="testAddTwoValues" duration-ms="9" started-at="2020-01-15T19:11:24Z" data-provider="dataAdd" finished-at="2020-01-15T19:11:24Z">
          <params>
            <param index="0">
              <value>
                <![CDATA[1.5]]>
              </value>
            </param>
            <param index="1">
              <value>
                <![CDATA[1.5]]>
              </value>
            </param>
            <param index="2">
              <value>
                <![CDATA[3.0]]>
              </value>
            </param>
          </params>
          <reporter-output>
          </reporter-output>
        </test-method> <!-- testAddTwoValues -->
        <test-method status="PASS" signature="testAddTwoValues(java.math.BigDecimal, java.math.BigDecimal, java.math.BigDecimal)[pri:0, instance:com.lits.kaminskyi.calculator.CalculatorParametrizedTest@3cda1055]" name="testAddTwoValues" duration-ms="9" started-at="2020-01-15T19:11:24Z" data-provider="dataAdd" finished-at="2020-01-15T19:11:24Z">
          <params>
            <param index="0">
              <value>
                <![CDATA[1000]]>
              </value>
            </param>
            <param index="1">
              <value>
                <![CDATA[1.5]]>
              </value>
            </param>
            <param index="2">
              <value>
                <![CDATA[1001.5]]>
              </value>
            </param>
          </params>
          <reporter-output>
          </reporter-output>
        </test-method> <!-- testAddTwoValues -->
        <test-method status="PASS" signature="testAddTwoValues(java.math.BigDecimal, java.math.BigDecimal, java.math.BigDecimal)[pri:0, instance:com.lits.kaminskyi.calculator.CalculatorParametrizedTest@3cda1055]" name="testAddTwoValues" duration-ms="9" started-at="2020-01-15T19:11:24Z" data-provider="dataAdd" finished-at="2020-01-15T19:11:24Z">
          <params>
            <param index="0">
              <value>
                <![CDATA[1.5]]>
              </value>
            </param>
            <param index="1">
              <value>
                <![CDATA[1.5]]>
              </value>
            </param>
            <param index="2">
              <value>
                <![CDATA[3.0]]>
              </value>
            </param>
          </params>
          <reporter-output>
          </reporter-output>
        </test-method> <!-- testAddTwoValues -->
      </class> <!-- com.lits.kaminskyi.calculator.CalculatorParametrizedTest -->
    </test> <!-- Calculator Test -->
    <test name="App Test" duration-ms="0" started-at="2020-01-15T19:11:24Z" finished-at="2020-01-15T19:11:24Z">
    </test> <!-- App Test -->
  </suite> <!-- Regression Testing Suite -->
</testng-results>
